info: Server started at http://localhost:5000/api/v1/ {"timestamp":"2022-11-08T11:48:55.979Z"}
info: Connected to the database. {"timestamp":"2022-11-08T11:48:56.168Z"}
error: 
    status - 500 
    message - undefined 
    url - /api/v1/users/login 
    method - POST 
    IP - ::ffff:127.0.0.1
   {"timestamp":"2022-11-08T11:52:05.586Z"}
info: Server started at http://localhost:5000/api/v1/ {"timestamp":"2022-11-08T11:55:04.896Z"}
info: Connected to the database. {"timestamp":"2022-11-08T11:55:04.939Z"}
error: 
      status - 404
      message - User not found 
      url - /api/v1/users/login 
      method - POST 
      IP - ::ffff:127.0.0.1
     {"timestamp":"2022-11-08T11:55:06.693Z"}
error: 
      status - 404
      message - User not found 
      url - /api/v1/users/login 
      method - POST 
      IP - ::ffff:127.0.0.1
     {"timestamp":"2022-11-08T11:55:53.386Z"}
info: Server started at http://localhost:5000/api/v1/ {"timestamp":"2022-11-08T11:56:37.298Z"}
info: Connected to the database. {"timestamp":"2022-11-08T11:56:37.361Z"}
info: Server started at http://localhost:5000/api/v1/ {"timestamp":"2022-11-08T11:58:17.327Z"}
info: Connected to the database. {"timestamp":"2022-11-08T11:58:17.359Z"}
error: 
      status - 404
      message - User not found 
      url - /api/v1/users/login 
      method - POST 
      IP - ::ffff:127.0.0.1
     {"timestamp":"2022-11-08T11:58:24.908Z"}
info: Server started at http://localhost:5000/api/v1/ {"timestamp":"2022-11-08T11:58:42.678Z"}
info: Connected to the database. {"timestamp":"2022-11-08T11:58:42.730Z"}
error: 
      status - 404
      message - User not found 
      url - /api/v1/users/login 
      method - POST 
      IP - ::ffff:127.0.0.1
     {"timestamp":"2022-11-08T11:59:00.339Z"}
error: 
      status - 404
      message - User not found 
      url - /api/v1/users/login 
      method - POST 
      IP - ::ffff:127.0.0.1
     {"timestamp":"2022-11-08T11:59:47.954Z"}
error: 
      status - 404
      message - User not found 
      url - /api/v1/users/login 
      method - POST 
      IP - ::ffff:127.0.0.1
     {"timestamp":"2022-11-08T12:00:14.266Z"}
error: 
      status - 403
      message - Invalid Credintials 
      url - /api/v1/users/login 
      method - POST 
      IP - ::ffff:127.0.0.1
     {"timestamp":"2022-11-08T12:00:31.904Z"}
info: Server started at http://localhost:5000/api/v1/ {"timestamp":"2022-11-08T12:06:20.959Z"}
info: Connected to the database. {"timestamp":"2022-11-08T12:06:20.994Z"}
info: Server started at http://localhost:5000/api/v1/ {"timestamp":"2022-11-08T12:07:17.379Z"}
info: Connected to the database. {"timestamp":"2022-11-08T12:07:17.413Z"}
info: Server started at http://localhost:5000/api/v1/ {"timestamp":"2022-11-08T12:09:45.563Z"}
info: Connected to the database. {"timestamp":"2022-11-08T12:09:45.597Z"}
error: 
    status - 500 
    message - SyntaxError: Unexpected token } in JSON at position 207
    at JSON.parse (<anonymous>)
    at parse (C:\Users\asere\Desktop\Saturn\MesoriTech\mk01\server\node_modules\body-parser\lib\types\json.js:89:19)
    at C:\Users\asere\Desktop\Saturn\MesoriTech\mk01\server\node_modules\body-parser\lib\read.js:128:18
    at AsyncResource.runInAsyncScope (node:async_hooks:199:9)
    at invokeCallback (C:\Users\asere\Desktop\Saturn\MesoriTech\mk01\server\node_modules\raw-body\index.js:231:16)
    at done (C:\Users\asere\Desktop\Saturn\MesoriTech\mk01\server\node_modules\raw-body\index.js:220:7)
    at IncomingMessage.onEnd (C:\Users\asere\Desktop\Saturn\MesoriTech\mk01\server\node_modules\raw-body\index.js:280:7)
    at IncomingMessage.emit (node:events:402:35)
    at IncomingMessage.emit (node:domain:475:12)
    at endReadableNT (node:internal/streams/readable:1343:12)
    at processTicksAndRejections (node:internal/process/task_queues:83:21) 
    url - /api/v1/plants 
    method - POST 
    IP - ::ffff:127.0.0.1
   {"timestamp":"2022-11-08T12:14:38.138Z"}
info: Server started at http://localhost:5000/api/v1/ {"timestamp":"2022-11-08T12:16:29.115Z"}
info: Connected to the database. {"timestamp":"2022-11-08T12:16:29.160Z"}
info: Server started at http://localhost:5000/api/v1/ {"timestamp":"2022-11-08T13:02:30.317Z"}
info: Connected to the database. {"timestamp":"2022-11-08T13:02:30.457Z"}
error: 
    status - 500 
    message - CastError: Cast to ObjectId failed for value "undefined" (type string) at path "_id" for model "Plant"
    at model.Query.exec (C:\Users\asere\Desktop\Saturn\MesoriTech\mk01\server\node_modules\mongoose\lib\query.js:4498:21)
    at model.Query.Query.then (C:\Users\asere\Desktop\Saturn\MesoriTech\mk01\server\node_modules\mongoose\lib\query.js:4592:15)
    at processTicksAndRejections (node:internal/process/task_queues:96:5) 
    url - /api/v1/plants/id/undefined 
    method - GET 
    IP - ::ffff:127.0.0.1
   {"timestamp":"2022-11-08T15:23:46.198Z"}
error: 
    status - 500 
    message - CastError: Cast to ObjectId failed for value "undefined" (type string) at path "_id" for model "Plant"
    at model.Query.exec (C:\Users\asere\Desktop\Saturn\MesoriTech\mk01\server\node_modules\mongoose\lib\query.js:4498:21)
    at model.Query.Query.then (C:\Users\asere\Desktop\Saturn\MesoriTech\mk01\server\node_modules\mongoose\lib\query.js:4592:15)
    at processTicksAndRejections (node:internal/process/task_queues:96:5) 
    url - /api/v1/plants/id/undefined 
    method - GET 
    IP - ::ffff:127.0.0.1
   {"timestamp":"2022-11-08T15:23:46.209Z"}
error: 
    status - 500 
    message - CastError: Cast to ObjectId failed for value "undefined" (type string) at path "_id" for model "Plant"
    at model.Query.exec (C:\Users\asere\Desktop\Saturn\MesoriTech\mk01\server\node_modules\mongoose\lib\query.js:4498:21)
    at model.Query.Query.then (C:\Users\asere\Desktop\Saturn\MesoriTech\mk01\server\node_modules\mongoose\lib\query.js:4592:15)
    at processTicksAndRejections (node:internal/process/task_queues:96:5) 
    url - /api/v1/plants/id/undefined 
    method - GET 
    IP - ::ffff:127.0.0.1
   {"timestamp":"2022-11-08T15:23:53.104Z"}
error: 
    status - 500 
    message - CastError: Cast to ObjectId failed for value "undefined" (type string) at path "_id" for model "Plant"
    at model.Query.exec (C:\Users\asere\Desktop\Saturn\MesoriTech\mk01\server\node_modules\mongoose\lib\query.js:4498:21)
    at model.Query.Query.then (C:\Users\asere\Desktop\Saturn\MesoriTech\mk01\server\node_modules\mongoose\lib\query.js:4592:15)
    at processTicksAndRejections (node:internal/process/task_queues:96:5) 
    url - /api/v1/plants/id/undefined 
    method - GET 
    IP - ::ffff:127.0.0.1
   {"timestamp":"2022-11-08T15:23:53.121Z"}
info: Server started at http://localhost:5000/api/v1/ {"timestamp":"2022-11-08T16:08:24.144Z"}
info: Connected to the database. {"timestamp":"2022-11-08T16:08:24.261Z"}
info: Server started at http://localhost:5000/api/v1/ {"timestamp":"2022-11-08T18:43:10.767Z"}
info: Connected to the database. {"timestamp":"2022-11-08T18:43:10.869Z"}
info: Server started at http://localhost:5000/api/v1/ {"timestamp":"2022-11-08T18:44:27.961Z"}
info: Connected to the database. {"timestamp":"2022-11-08T18:44:27.997Z"}
info: Server started at http://localhost:5000/api/v1/ {"timestamp":"2022-11-08T19:01:39.111Z"}
info: Connected to the database. {"timestamp":"2022-11-08T19:01:39.143Z"}
info: Server started at http://localhost:5000/api/v1/ {"timestamp":"2022-11-08T19:02:10.433Z"}
info: Connected to the database. {"timestamp":"2022-11-08T19:02:10.476Z"}
info: Server started at http://localhost:5000/api/v1/ {"timestamp":"2022-11-08T19:05:19.734Z"}
info: Connected to the database. {"timestamp":"2022-11-08T19:05:19.789Z"}
info: Server started at http://localhost:5000/api/v1/ {"timestamp":"2022-11-08T19:10:30.078Z"}
info: Connected to the database. {"timestamp":"2022-11-08T19:10:30.114Z"}
info: Server started at http://localhost:5000/api/v1/ {"timestamp":"2022-11-08T19:10:35.711Z"}
info: Connected to the database. {"timestamp":"2022-11-08T19:10:35.747Z"}
info: Server started at http://localhost:5000/api/v1/ {"timestamp":"2022-11-08T19:11:17.766Z"}
info: Connected to the database. {"timestamp":"2022-11-08T19:11:17.802Z"}
error: 
      status - 403
      message - Invalid Credintials 
      url - /api/v1/users/login 
      method - POST 
      IP - ::ffff:127.0.0.1
     {"timestamp":"2022-11-08T19:12:31.952Z"}
info: Server started at http://localhost:5000/api/v1/ {"timestamp":"2022-11-08T19:28:02.025Z"}
info: Connected to the database. {"timestamp":"2022-11-08T19:28:02.057Z"}
info: Server started at http://localhost:5000/api/v1/ {"timestamp":"2022-11-08T19:30:23.518Z"}
info: Connected to the database. {"timestamp":"2022-11-08T19:30:23.556Z"}
error: 
    status - 500 
    message - CastError: Cast to ObjectId failed for value "{ _id: { domain: 636aae9e78ee6222e4b9b92d } }" (type Object) at path "_id" for model "User"
    at model.Query.exec (C:\Users\asere\Desktop\Saturn\MesoriTech\mk01\server\node_modules\mongoose\lib\query.js:4498:21)
    at model.Query.Query.then (C:\Users\asere\Desktop\Saturn\MesoriTech\mk01\server\node_modules\mongoose\lib\query.js:4592:15)
    at processTicksAndRejections (node:internal/process/task_queues:96:5) 
    url - /api/v1/users/signup 
    method - POST 
    IP - ::ffff:127.0.0.1
   {"timestamp":"2022-11-08T19:31:42.148Z"}
info: Server started at http://localhost:5000/api/v1/ {"timestamp":"2022-11-08T19:33:28.016Z"}
info: Connected to the database. {"timestamp":"2022-11-08T19:33:28.051Z"}
error: 
    status - 500 
    message - CastError: Cast to ObjectId failed for value "{ _id: { domain: 636aaf2c25c9424c6c939f5c } }" (type Object) at path "_id" for model "User"
    at model.Query.exec (C:\Users\asere\Desktop\Saturn\MesoriTech\mk01\server\node_modules\mongoose\lib\query.js:4498:21)
    at model.Query.Query.then (C:\Users\asere\Desktop\Saturn\MesoriTech\mk01\server\node_modules\mongoose\lib\query.js:4592:15)
    at processTicksAndRejections (node:internal/process/task_queues:96:5) 
    url - /api/v1/users/signup 
    method - POST 
    IP - ::ffff:127.0.0.1
   {"timestamp":"2022-11-08T19:34:04.340Z"}
info: Server started at http://localhost:5000/api/v1/ {"timestamp":"2022-11-08T19:35:21.647Z"}
info: Connected to the database. {"timestamp":"2022-11-08T19:35:21.685Z"}
info: Server started at http://localhost:5000/api/v1/ {"timestamp":"2022-11-08T20:14:14.224Z"}
info: Connected to the database. {"timestamp":"2022-11-08T20:14:14.277Z"}
info: Server started at http://localhost:5000/api/v1/ {"timestamp":"2022-11-08T20:19:29.854Z"}
info: Connected to the database. {"timestamp":"2022-11-08T20:19:29.887Z"}
error: 
    status - 500 
    message - TypeError: FeildService.getAllFeildsDomain is not a function
    at _callee2$ (C:\Users\asere\Desktop\Saturn\MesoriTech\mk01\server\src\controllers\/feild.controller.js:31:37)
    at tryCatch (C:\Users\asere\Desktop\Saturn\MesoriTech\mk01\server\node_modules\@babel\runtime\helpers\regeneratorRuntime.js:72:17)
    at Generator._invoke (C:\Users\asere\Desktop\Saturn\MesoriTech\mk01\server\node_modules\@babel\runtime\helpers\regeneratorRuntime.js:55:24)
    at Generator.next (C:\Users\asere\Desktop\Saturn\MesoriTech\mk01\server\node_modules\@babel\runtime\helpers\regeneratorRuntime.js:97:21)
    at asyncGeneratorStep (C:\Users\asere\Desktop\Saturn\MesoriTech\mk01\server\node_modules\@babel\runtime\helpers\asyncToGenerator.js:3:24)
    at _next (C:\Users\asere\Desktop\Saturn\MesoriTech\mk01\server\node_modules\@babel\runtime\helpers\asyncToGenerator.js:22:9)
    at C:\Users\asere\Desktop\Saturn\MesoriTech\mk01\server\node_modules\@babel\runtime\helpers\asyncToGenerator.js:27:7
    at new Promise (<anonymous>)
    at C:\Users\asere\Desktop\Saturn\MesoriTech\mk01\server\node_modules\@babel\runtime\helpers\asyncToGenerator.js:19:12
    at getAllFeildsByDomain (C:\Users\asere\Desktop\Saturn\MesoriTech\mk01\server\src\controllers\/feild.controller.js:29:35)
    at Layer.handle [as handle_request] (C:\Users\asere\Desktop\Saturn\MesoriTech\mk01\server\node_modules\express\lib\router\layer.js:95:5)
    at next (C:\Users\asere\Desktop\Saturn\MesoriTech\mk01\server\node_modules\express\lib\router\route.js:144:13)
    at Route.dispatch (C:\Users\asere\Desktop\Saturn\MesoriTech\mk01\server\node_modules\express\lib\router\route.js:114:3)
    at Layer.handle [as handle_request] (C:\Users\asere\Desktop\Saturn\MesoriTech\mk01\server\node_modules\express\lib\router\layer.js:95:5)
    at C:\Users\asere\Desktop\Saturn\MesoriTech\mk01\server\node_modules\express\lib\router\index.js:284:15
    at param (C:\Users\asere\Desktop\Saturn\MesoriTech\mk01\server\node_modules\express\lib\router\index.js:365:14)
    at param (C:\Users\asere\Desktop\Saturn\MesoriTech\mk01\server\node_modules\express\lib\router\index.js:376:14)
    at Function.process_params (C:\Users\asere\Desktop\Saturn\MesoriTech\mk01\server\node_modules\express\lib\router\index.js:421:3)
    at next (C:\Users\asere\Desktop\Saturn\MesoriTech\mk01\server\node_modules\express\lib\router\index.js:280:10)
    at Function.handle (C:\Users\asere\Desktop\Saturn\MesoriTech\mk01\server\node_modules\express\lib\router\index.js:175:3)
    at router (C:\Users\asere\Desktop\Saturn\MesoriTech\mk01\server\node_modules\express\lib\router\index.js:47:12)
    at Layer.handle [as handle_request] (C:\Users\asere\Desktop\Saturn\MesoriTech\mk01\server\node_modules\express\lib\router\layer.js:95:5)
    at trim_prefix (C:\Users\asere\Desktop\Saturn\MesoriTech\mk01\server\node_modules\express\lib\router\index.js:328:13)
    at C:\Users\asere\Desktop\Saturn\MesoriTech\mk01\server\node_modules\express\lib\router\index.js:286:9
    at Function.process_params (C:\Users\asere\Desktop\Saturn\MesoriTech\mk01\server\node_modules\express\lib\router\index.js:346:12)
    at next (C:\Users\asere\Desktop\Saturn\MesoriTech\mk01\server\node_modules\express\lib\router\index.js:280:10)
    at Function.handle (C:\Users\asere\Desktop\Saturn\MesoriTech\mk01\server\node_modules\express\lib\router\index.js:175:3)
    at router (C:\Users\asere\Desktop\Saturn\MesoriTech\mk01\server\node_modules\express\lib\router\index.js:47:12)
    at Layer.handle [as handle_request] (C:\Users\asere\Desktop\Saturn\MesoriTech\mk01\server\node_modules\express\lib\router\layer.js:95:5)
    at trim_prefix (C:\Users\asere\Desktop\Saturn\MesoriTech\mk01\server\node_modules\express\lib\router\index.js:328:13)
    at C:\Users\asere\Desktop\Saturn\MesoriTech\mk01\server\node_modules\express\lib\router\index.js:286:9
    at Function.process_params (C:\Users\asere\Desktop\Saturn\MesoriTech\mk01\server\node_modules\express\lib\router\index.js:346:12)
    at next (C:\Users\asere\Desktop\Saturn\MesoriTech\mk01\server\node_modules\express\lib\router\index.js:280:10)
    at logger (C:\Users\asere\Desktop\Saturn\MesoriTech\mk01\server\node_modules\morgan\index.js:144:5)
    at Layer.handle [as handle_request] (C:\Users\asere\Desktop\Saturn\MesoriTech\mk01\server\node_modules\express\lib\router\layer.js:95:5)
    at trim_prefix (C:\Users\asere\Desktop\Saturn\MesoriTech\mk01\server\node_modules\express\lib\router\index.js:328:13)
    at C:\Users\asere\Desktop\Saturn\MesoriTech\mk01\server\node_modules\express\lib\router\index.js:286:9
    at Function.process_params (C:\Users\asere\Desktop\Saturn\MesoriTech\mk01\server\node_modules\express\lib\router\index.js:346:12)
    at next (C:\Users\asere\Desktop\Saturn\MesoriTech\mk01\server\node_modules\express\lib\router\index.js:280:10)
    at jsonParser (C:\Users\asere\Desktop\Saturn\MesoriTech\mk01\server\node_modules\body-parser\lib\types\json.js:110:7)
    at Layer.handle [as handle_request] (C:\Users\asere\Desktop\Saturn\MesoriTech\mk01\server\node_modules\express\lib\router\layer.js:95:5)
    at trim_prefix (C:\Users\asere\Desktop\Saturn\MesoriTech\mk01\server\node_modules\express\lib\router\index.js:328:13)
    at C:\Users\asere\Desktop\Saturn\MesoriTech\mk01\server\node_modules\express\lib\router\index.js:286:9
    at Function.process_params (C:\Users\asere\Desktop\Saturn\MesoriTech\mk01\server\node_modules\express\lib\router\index.js:346:12)
    at next (C:\Users\asere\Desktop\Saturn\MesoriTech\mk01\server\node_modules\express\lib\router\index.js:280:10)
    at urlencodedParser (C:\Users\asere\Desktop\Saturn\MesoriTech\mk01\server\node_modules\body-parser\lib\types\urlencoded.js:91:7)
    at Layer.handle [as handle_request] (C:\Users\asere\Desktop\Saturn\MesoriTech\mk01\server\node_modules\express\lib\router\layer.js:95:5)
    at trim_prefix (C:\Users\asere\Desktop\Saturn\MesoriTech\mk01\server\node_modules\express\lib\router\index.js:328:13)
    at C:\Users\asere\Desktop\Saturn\MesoriTech\mk01\server\node_modules\express\lib\router\index.js:286:9
    at Function.process_params (C:\Users\asere\Desktop\Saturn\MesoriTech\mk01\server\node_modules\express\lib\router\index.js:346:12) 
    url - /api/v1/feilds/domain/636ab0189f7d6709d4c9cb60 
    method - GET 
    IP - ::ffff:127.0.0.1
   {"timestamp":"2022-11-08T20:20:51.459Z"}
info: Server started at http://localhost:5000/api/v1/ {"timestamp":"2022-11-08T20:21:16.737Z"}
info: Connected to the database. {"timestamp":"2022-11-08T20:21:16.776Z"}
