info: Server started at http://localhost:5000/api/v1/ {"timestamp":"2022-11-12T23:21:41.254Z"}
info: Connected to the database. {"timestamp":"2022-11-12T23:21:41.312Z"}
error: 
    status - 500 
    message - SyntaxError: Unexpected token } in JSON at position 66
    at JSON.parse (<anonymous>)
    at parse (C:\Users\asere\Desktop\Saturn\MesoriTech\mk01\server\node_modules\body-parser\lib\types\json.js:89:19)
    at C:\Users\asere\Desktop\Saturn\MesoriTech\mk01\server\node_modules\body-parser\lib\read.js:128:18
    at AsyncResource.runInAsyncScope (node:async_hooks:199:9)
    at invokeCallback (C:\Users\asere\Desktop\Saturn\MesoriTech\mk01\server\node_modules\raw-body\index.js:231:16)
    at done (C:\Users\asere\Desktop\Saturn\MesoriTech\mk01\server\node_modules\raw-body\index.js:220:7)
    at IncomingMessage.onEnd (C:\Users\asere\Desktop\Saturn\MesoriTech\mk01\server\node_modules\raw-body\index.js:280:7)
    at IncomingMessage.emit (node:events:402:35)
    at IncomingMessage.emit (node:domain:475:12)
    at endReadableNT (node:internal/streams/readable:1343:12)
    at processTicksAndRejections (node:internal/process/task_queues:83:21) 
    url - /api/v1/test 
    method - POST 
    IP - ::ffff:127.0.0.1
   {"timestamp":"2022-11-12T23:23:10.448Z"}
info: Server started at http://localhost:5000/api/v1/ {"timestamp":"2022-11-12T23:24:23.630Z"}
info: Connected to the database. {"timestamp":"2022-11-12T23:24:23.654Z"}
info: Server started at http://localhost:5000/api/v1/ {"timestamp":"2022-11-12T23:24:42.624Z"}
info: Connected to the database. {"timestamp":"2022-11-12T23:24:42.650Z"}
info: Server started at http://localhost:5000/api/v1/ {"timestamp":"2022-11-12T23:28:14.279Z"}
info: Connected to the database. {"timestamp":"2022-11-12T23:28:14.305Z"}
error: 
    status - 500 
    message - TypeError: Cannot read properties of null (reading '_id')
    at _callee5$ (C:\Users\asere\Desktop\Saturn\MesoriTech\mk01\server\src\services\/device.service.js:59:40)
    at tryCatch (C:\Users\asere\Desktop\Saturn\MesoriTech\mk01\server\node_modules\@babel\runtime\helpers\regeneratorRuntime.js:72:17)
    at Generator._invoke (C:\Users\asere\Desktop\Saturn\MesoriTech\mk01\server\node_modules\@babel\runtime\helpers\regeneratorRuntime.js:55:24)
    at Generator.next (C:\Users\asere\Desktop\Saturn\MesoriTech\mk01\server\node_modules\@babel\runtime\helpers\regeneratorRuntime.js:97:21)
    at asyncGeneratorStep (C:\Users\asere\Desktop\Saturn\MesoriTech\mk01\server\node_modules\@babel\runtime\helpers\asyncToGenerator.js:3:24)
    at _next (C:\Users\asere\Desktop\Saturn\MesoriTech\mk01\server\node_modules\@babel\runtime\helpers\asyncToGenerator.js:22:9)
    at processTicksAndRejections (node:internal/process/task_queues:96:5) 
    url - /api/v1/devices 
    method - POST 
    IP - ::ffff:127.0.0.1
   {"timestamp":"2022-11-12T23:31:29.319Z"}
info: Server started at http://localhost:5000/api/v1/ {"timestamp":"2022-11-13T16:24:38.789Z"}
info: Connected to the database. {"timestamp":"2022-11-13T16:24:38.816Z"}
info: Server started at http://localhost:5000/api/v1/ {"timestamp":"2022-11-13T16:36:29.883Z"}
info: Connected to the database. {"timestamp":"2022-11-13T16:36:29.921Z"}
info: Server started at http://localhost:5000/api/v1/ {"timestamp":"2022-11-13T16:37:28.558Z"}
info: Connected to the database. {"timestamp":"2022-11-13T16:37:28.583Z"}
info: Server started at http://localhost:5000/api/v1/ {"timestamp":"2022-11-13T16:39:12.249Z"}
info: Connected to the database. {"timestamp":"2022-11-13T16:39:12.272Z"}
info: Server started at http://localhost:5000/api/v1/ {"timestamp":"2022-11-13T16:39:22.345Z"}
info: Connected to the database. {"timestamp":"2022-11-13T16:39:22.370Z"}
info: Server started at http://localhost:5000/api/v1/ {"timestamp":"2022-11-13T16:43:13.396Z"}
info: Connected to the database. {"timestamp":"2022-11-13T16:43:13.452Z"}
info: Server started at http://localhost:5000/api/v1/ {"timestamp":"2022-11-13T16:43:19.329Z"}
info: Connected to the database. {"timestamp":"2022-11-13T16:43:19.354Z"}
info: Server started at http://localhost:5000/api/v1/ {"timestamp":"2022-11-13T16:44:27.223Z"}
info: Connected to the database. {"timestamp":"2022-11-13T16:44:27.254Z"}
info: Server started at http://localhost:5000/api/v1/ {"timestamp":"2022-11-13T16:47:26.923Z"}
info: Connected to the database. {"timestamp":"2022-11-13T16:47:26.943Z"}
info: Server started at http://localhost:5000/api/v1/ {"timestamp":"2022-11-13T16:48:18.774Z"}
info: Connected to the database. {"timestamp":"2022-11-13T16:48:18.800Z"}
info: Server started at http://localhost:5000/api/v1/ {"timestamp":"2022-11-13T16:48:33.330Z"}
info: Connected to the database. {"timestamp":"2022-11-13T16:48:33.357Z"}
info: Server started at http://localhost:5000/api/v1/ {"timestamp":"2022-11-13T16:55:09.369Z"}
info: Connected to the database. {"timestamp":"2022-11-13T16:55:09.399Z"}
info: Server started at http://localhost:5000/api/v1/ {"timestamp":"2022-11-13T16:56:41.178Z"}
info: Connected to the database. {"timestamp":"2022-11-13T16:56:41.201Z"}
error: 
    status - 500 
    message - CastError: Cast to ObjectId failed for value "{ fromId: 636fff5823908144c03393c1 }" (type Object) at path "_id" for model "Feild"
    at model.Query.exec (C:\Users\asere\Desktop\Saturn\MesoriTech\mk01\server\node_modules\mongoose\lib\query.js:4498:21)
    at model.Query.Query.then (C:\Users\asere\Desktop\Saturn\MesoriTech\mk01\server\node_modules\mongoose\lib\query.js:4592:15)
    at processTicksAndRejections (node:internal/process/task_queues:96:5) 
    url - /api/v1/devices/id/636fff7623908144c03393d5 
    method - PUT 
    IP - ::ffff:127.0.0.1
   {"timestamp":"2022-11-13T16:56:44.924Z"}
info: Server started at http://localhost:5000/api/v1/ {"timestamp":"2022-11-13T16:57:43.784Z"}
info: Connected to the database. {"timestamp":"2022-11-13T16:57:43.807Z"}
error: 
    status - 500 
    message - CastError: Cast to ObjectId failed for value "{ fromId: 636fff5823908144c03393c1 }" (type Object) at path "_id" for model "Feild"
    at model.Query.exec (C:\Users\asere\Desktop\Saturn\MesoriTech\mk01\server\node_modules\mongoose\lib\query.js:4498:21)
    at model.Query.Query.then (C:\Users\asere\Desktop\Saturn\MesoriTech\mk01\server\node_modules\mongoose\lib\query.js:4592:15)
    at processTicksAndRejections (node:internal/process/task_queues:96:5) 
    url - /api/v1/devices/id/636fff7623908144c03393d5 
    method - PUT 
    IP - ::ffff:127.0.0.1
   {"timestamp":"2022-11-13T16:58:50.811Z"}
info: Server started at http://localhost:5000/api/v1/ {"timestamp":"2022-11-13T16:59:24.013Z"}
info: Connected to the database. {"timestamp":"2022-11-13T16:59:24.034Z"}
